GET /notes?tag=personal 200 26 - Response: {"success":true,"data":[]}
GET /notes?tag=work 200 335 - Response: {"success":true,"data":[{"id":2,"title":"Maaz Khan","content":"Y","tag":"work","createdAt":"2026-07-07T02:39:00.234Z","updatedAt":"2026-07-07T02:39:00.234Z"},{"id":1,"title":"Learn PostgreSQL properly","content":"It is a relational database","tag":"work","createdAt":"2026-07-07T01:59:43.475Z","updatedAt":"2026-07-07T02:00:08.163Z"}]}
DELETE /notes/1 204 - - Response: -
GET /notes/1 200 26 - Response: {"success":true,"data":{}}
GET /notes/2 200 26 - Response: {"success":true,"data":{}}
GET /notes/3 200 26 - Response: {"success":true,"data":{}}
GET /notes 200 159 - Response: {"success":true,"data":[{"id":2,"title":"Maaz Khan","content":"Y","tag":"work","createdAt":"2026-07-07T02:39:00.234Z","updatedAt":"2026-07-07T02:39:00.234Z"}]}
GET /notes/2 200 26 - Response: {"success":true,"data":{}}
GET /notes 200 159 - Response: {"success":true,"data":[{"id":2,"title":"Maaz Khan","content":"Y","tag":"work","createdAt":"2026-07-07T02:39:00.234Z","updatedAt":"2026-07-07T02:39:00.234Z"}]}
GET /notes 200 159 - Response: {"success":true,"data":[{"id":2,"title":"Maaz Khan","content":"Y","tag":"work","createdAt":"2026-07-07T02:39:00.234Z","updatedAt":"2026-07-07T02:39:00.234Z"}]}
GET /notes 200 26 - Response: {"success":true,"data":[]}
POST /notes 201 26 - Response: {"success":true,"data":{}}
GET /notes 200 159 - Response: {"success":true,"data":[{"id":3,"title":"Maaz Khan","content":"Y","tag":"work","createdAt":"2026-07-07T06:43:06.376Z","updatedAt":"2026-07-07T06:43:06.376Z"}]}
GET /notes/3 200 26 - Response: {"success":true,"data":{}}
GET /notes/1 200 26 - Response: {"success":true,"data":{}}
GET /notes 200 159 - Response: {"success":true,"data":[{"id":3,"title":"Maaz Khan","content":"Y","tag":"work","createdAt":"2026-07-07T06:43:06.376Z","updatedAt":"2026-07-07T06:43:06.376Z"}]}
GET /notes 200 159 - Response: {"success":true,"data":[{"id":3,"title":"Maaz Khan","content":"Y","tag":"work","createdAt":"2026-07-07T06:43:06.376Z","updatedAt":"2026-07-07T06:43:06.376Z"}]}
POST /notes 201 26 - Response: {"success":true,"data":{}}
POST /notes/2 404 55 - Response: {"success":false,"error":{"message":"Route not found"}}
POST /notes/2 404 55 - Response: {"success":false,"error":{"message":"Route not found"}}
GET /notes/1 200 26 - Response: {"success":true,"data":{}}
GET /notes/3 200 26 - Response: {"success":true,"data":{}}
GET /notes/4 200 26 - Response: {"success":true,"data":{}}
GET /notes/4 200 26 - Response: {"success":true,"data":{}}
GET /notes 200 26 - Response: {"success":true,"data":[]}
GET /notes/1 200 26 - Response: {"success":true,"data":{}}
GET /notes 200 26 - Response: {"success":true,"data":[]}
POST /notes 201 26 - Response: {"success":true,"data":{}}
GET /notes 200 159 - Response: {"success":true,"data":[{"id":1,"title":"Maaz Khan","content":"Y","tag":"work","createdAt":"2026-07-07T07:35:35.624Z","updatedAt":"2026-07-07T07:35:35.624Z"}]}
GET /notes/1 200 26 - Response: {"success":true,"data":{}}
GET /notes/1 200 26 - Response: -
GET /notes 200 159 - Response: -
GET /notes/1 200 26 - Response: -
GET /notes:1 404 55 - Response: -
GET /notes/1/1 404 55 - Response: -
GET /notes/1 200 26 - Response: -
GET /notes/1 200 26 - Response: -
GET /notes 200 159 - Response: -
GET /notes 200 159 - Response: -
GET /notes/1 200 26 - Response: -
DELETE /notes/1 204 - - Response: -
GET /notes/1 200 26 - Response: -
GET /notes 200 26 - Response: -
POST /notes 201 26 - Response: -
GET /notes 200 159 - Response: -
GET /notes/2 200 26 - Response: -
GET /notes/1 200 26 - Response: -
GET /notes/099 200 26 - Response: -
GET /notes 200 159 - Response: -
GET /notes/1 404 54 - Response: -
GET /notes/2 200 157 - Response: -
POST /notes/2 404 55 - Response: -
POST /notes 201 157 - Response: -
GET /notes 200 293 - Response: -
GET /notes/2 200 157 - Response: -
GET /notes?tag=personal 200 26 - Response: -
GET /notes?tag=person 200 26 - Response: -
GET /notes?tag= 200 293 - Response: -
GET /notes?tag=work 200 293 - Response: -
GET /notes 200 293 - Response: -
PATCH /notes 404 55 - Response: -
PATCH /notes/2 200 168 - Response: -
